Traceback (most recent call last):
  File "/app/scraper.py", line 3, in <module>
    import httpx
ModuleNotFoundError: No module named 'httpx'
Traceback (most recent call last):
  File "/app/scraper.py", line 3, in <module>
    import httpx
ModuleNotFoundError: No module named 'httpx'
Traceback (most recent call last):
  File "/app/scraper.py", line 3, in <module>
    import httpx
ModuleNotFoundError: No module named 'httpx'
2026-03-28 06:24:33,710 - INFO - === Starting Comprehensive Gas Price Collection ===
2026-03-28 06:24:33,710 - INFO - Time: 2026-03-28 06:24:33
2026-03-28 06:24:33,710 - INFO - Total ZIPs: 30
2026-03-28 06:24:33,710 - INFO - Batch size: 10
2026-03-28 06:24:33,710 - INFO - Retry attempts: 3
2026-03-28 06:24:33,734 - INFO - --- Processing batch 1/3 ---
2026-03-28 06:24:43,079 - INFO - HTTP Request: GET https://zylalabs.com/api/4808/gas+price+locator+api/5997/get+pices?zip=19103&type=regular "HTTP/1.1 200 OK"
2026-03-28 06:24:47,310 - INFO - HTTP Request: GET https://zylalabs.com/api/4808/gas+price+locator+api/5997/get+pices?zip=19107&type=regular "HTTP/1.1 200 OK"
2026-03-28 06:24:47,350 - INFO - 19107: Only average data available, no station-specific prices
2026-03-28 06:24:50,799 - INFO - HTTP Request: GET https://zylalabs.com/api/4808/gas+price+locator+api/5997/get+pices?zip=19128&type=regular "HTTP/1.1 200 OK"
2026-03-28 06:24:53,543 - INFO - HTTP Request: GET https://zylalabs.com/api/4808/gas+price+locator+api/5997/get+pices?zip=19145&type=regular "HTTP/1.1 200 OK"
2026-03-28 06:25:04,590 - INFO - HTTP Request: GET https://zylalabs.com/api/4808/gas+price+locator+api/5997/get+pices?zip=19146&type=regular "HTTP/1.1 200 OK"
2026-03-28 06:25:07,837 - INFO - HTTP Request: GET https://zylalabs.com/api/4808/gas+price+locator+api/5997/get+pices?zip=19147&type=regular "HTTP/1.1 200 OK"
2026-03-28 06:25:11,339 - INFO - HTTP Request: GET https://zylalabs.com/api/4808/gas+price+locator+api/5997/get+pices?zip=19148&type=regular "HTTP/1.1 200 OK"
2026-03-28 06:25:15,444 - INFO - HTTP Request: GET https://zylalabs.com/api/4808/gas+price+locator+api/5997/get+pices?zip=19120&type=regular "HTTP/1.1 200 OK"
2026-03-28 06:25:19,067 - INFO - HTTP Request: GET https://zylalabs.com/api/4808/gas+price+locator+api/5997/get+pices?zip=19121&type=regular "HTTP/1.1 200 OK"
2026-03-28 06:25:28,268 - INFO - HTTP Request: GET https://zylalabs.com/api/4808/gas+price+locator+api/5997/get+pices?zip=19122&type=regular "HTTP/1.1 200 OK"
2026-03-28 06:25:29,347 - INFO - --- Batch complete. Sleeping 5s before next batch ---
2026-03-28 06:25:34,347 - INFO - --- Processing batch 2/3 ---
2026-03-28 06:25:37,996 - INFO - HTTP Request: GET https://zylalabs.com/api/4808/gas+price+locator+api/5997/get+pices?zip=19123&type=regular "HTTP/1.1 200 OK"
2026-03-28 06:25:38,035 - INFO - 19123: Only average data available, no station-specific prices
2026-03-28 06:25:43,554 - INFO - HTTP Request: GET https://zylalabs.com/api/4808/gas+price+locator+api/5997/get+pices?zip=19124&type=regular "HTTP/1.1 200 OK"
2026-03-28 06:25:47,452 - INFO - HTTP Request: GET https://zylalabs.com/api/4808/gas+price+locator+api/5997/get+pices?zip=19125&type=regular "HTTP/1.1 200 OK"
2026-03-28 06:25:50,535 - INFO - HTTP Request: GET https://zylalabs.com/api/4808/gas+price+locator+api/5997/get+pices?zip=19130&type=regular "HTTP/1.1 200 OK"
2026-03-28 06:25:53,742 - INFO - HTTP Request: GET https://zylalabs.com/api/4808/gas+price+locator+api/5997/get+pices?zip=19131&type=regular "HTTP/1.1 200 OK"
2026-03-28 06:25:58,124 - INFO - HTTP Request: GET https://zylalabs.com/api/4808/gas+price+locator+api/5997/get+pices?zip=19132&type=regular "HTTP/1.1 200 OK"
2026-03-28 06:26:01,797 - INFO - HTTP Request: GET https://zylalabs.com/api/4808/gas+price+locator+api/5997/get+pices?zip=19133&type=regular "HTTP/1.1 200 OK"
2026-03-28 06:26:12,633 - INFO - HTTP Request: GET https://zylalabs.com/api/4808/gas+price+locator+api/5997/get+pices?zip=19134&type=regular "HTTP/1.1 200 OK"
2026-03-28 06:26:22,360 - INFO - HTTP Request: GET https://zylalabs.com/api/4808/gas+price+locator+api/5997/get+pices?zip=19135&type=regular "HTTP/1.1 200 OK"
2026-03-28 06:26:32,360 - INFO - HTTP Request: GET https://zylalabs.com/api/4808/gas+price+locator+api/5997/get+pices?zip=19138&type=regular "HTTP/1.1 200 OK"
2026-03-28 06:26:33,470 - INFO - --- Batch complete. Sleeping 5s before next batch ---
2026-03-28 06:26:38,471 - INFO - --- Processing batch 3/3 ---
2026-03-28 06:26:42,434 - INFO - HTTP Request: GET https://zylalabs.com/api/4808/gas+price+locator+api/5997/get+pices?zip=19139&type=regular "HTTP/1.1 200 OK"
2026-03-28 06:26:47,412 - INFO - HTTP Request: GET https://zylalabs.com/api/4808/gas+price+locator+api/5997/get+pices?zip=19140&type=regular "HTTP/1.1 200 OK"
2026-03-28 06:26:56,306 - INFO - HTTP Request: GET https://zylalabs.com/api/4808/gas+price+locator+api/5997/get+pices?zip=19141&type=regular "HTTP/1.1 200 OK"
2026-03-28 06:27:01,159 - INFO - HTTP Request: GET https://zylalabs.com/api/4808/gas+price+locator+api/5997/get+pices?zip=19144&type=regular "HTTP/1.1 200 OK"
2026-03-28 06:27:08,347 - INFO - HTTP Request: GET https://zylalabs.com/api/4808/gas+price+locator+api/5997/get+pices?zip=19142&type=regular "HTTP/1.1 200 OK"
2026-03-28 06:27:12,553 - INFO - HTTP Request: GET https://zylalabs.com/api/4808/gas+price+locator+api/5997/get+pices?zip=19143&type=regular "HTTP/1.1 200 OK"
2026-03-28 06:27:17,029 - INFO - HTTP Request: GET https://zylalabs.com/api/4808/gas+price+locator+api/5997/get+pices?zip=19153&type=regular "HTTP/1.1 200 OK"
2026-03-28 06:27:20,530 - INFO - HTTP Request: GET https://zylalabs.com/api/4808/gas+price+locator+api/5997/get+pices?zip=19149&type=regular "HTTP/1.1 200 OK"
2026-03-28 06:27:24,572 - INFO - HTTP Request: GET https://zylalabs.com/api/4808/gas+price+locator+api/5997/get+pices?zip=19136&type=regular "HTTP/1.1 200 OK"
2026-03-28 06:27:29,893 - INFO - HTTP Request: GET https://zylalabs.com/api/4808/gas+price+locator+api/5997/get+pices?zip=19126&type=regular "HTTP/1.1 200 OK"
2026-03-28 06:27:31,046 - INFO - === Collection Complete ===
2026-03-28 06:27:31,046 - INFO - Duration: 177.3 seconds
2026-03-28 06:27:31,046 - INFO - ZIPs with data: 28/30
2026-03-28 06:27:31,046 - INFO - Total stations saved: 104
2026-03-28 06:27:31,046 - WARNING - Failed ZIPs: 19107, 19123
2026-03-28 06:27:31,046 - INFO - Next collection scheduled based on cron settings
2026-03-28 06:27:47,976 - INFO - === Starting Comprehensive Gas Price Collection ===
2026-03-28 06:27:47,976 - INFO - Time: 2026-03-28 06:27:47
2026-03-28 06:27:47,976 - INFO - Total ZIPs: 30
2026-03-28 06:27:47,976 - INFO - Batch size: 10
2026-03-28 06:27:47,976 - INFO - Retry attempts: 3
2026-03-28 06:27:48,002 - INFO - --- Processing batch 1/3 ---
2026-03-28 06:27:48,486 - INFO - HTTP Request: GET https://zylalabs.com/api/4808/gas+price+locator+api/5997/get+pices?zip=19103&type=regular "HTTP/1.1 200 OK"
2026-03-28 06:27:50,210 - INFO - HTTP Request: GET https://zylalabs.com/api/4808/gas+price+locator+api/5997/get+pices?zip=19107&type=regular "HTTP/1.1 200 OK"
2026-03-28 06:27:50,256 - INFO - 19107: Only average data available, no station-specific prices
2026-03-28 06:27:51,734 - INFO - HTTP Request: GET https://zylalabs.com/api/4808/gas+price+locator+api/5997/get+pices?zip=19128&type=regular "HTTP/1.1 200 OK"
2026-03-28 06:27:53,654 - INFO - HTTP Request: GET https://zylalabs.com/api/4808/gas+price+locator+api/5997/get+pices?zip=19145&type=regular "HTTP/1.1 200 OK"
2026-03-28 06:27:55,330 - INFO - HTTP Request: GET https://zylalabs.com/api/4808/gas+price+locator+api/5997/get+pices?zip=19146&type=regular "HTTP/1.1 200 OK"
2026-03-28 06:27:56,959 - INFO - HTTP Request: GET https://zylalabs.com/api/4808/gas+price+locator+api/5997/get+pices?zip=19147&type=regular "HTTP/1.1 200 OK"
2026-03-28 06:27:58,662 - INFO - HTTP Request: GET https://zylalabs.com/api/4808/gas+price+locator+api/5997/get+pices?zip=19148&type=regular "HTTP/1.1 200 OK"
2026-03-28 06:28:00,439 - INFO - HTTP Request: GET https://zylalabs.com/api/4808/gas+price+locator+api/5997/get+pices?zip=19120&type=regular "HTTP/1.1 200 OK"
2026-03-28 06:28:02,345 - INFO - HTTP Request: GET https://zylalabs.com/api/4808/gas+price+locator+api/5997/get+pices?zip=19121&type=regular "HTTP/1.1 200 OK"
2026-03-28 06:28:03,926 - INFO - HTTP Request: GET https://zylalabs.com/api/4808/gas+price+locator+api/5997/get+pices?zip=19122&type=regular "HTTP/1.1 200 OK"
2026-03-28 06:28:04,988 - INFO - --- Batch complete. Sleeping 5s before next batch ---
2026-03-28 06:28:09,989 - INFO - --- Processing batch 2/3 ---
2026-03-28 06:28:10,670 - INFO - HTTP Request: GET https://zylalabs.com/api/4808/gas+price+locator+api/5997/get+pices?zip=19123&type=regular "HTTP/1.1 200 OK"
2026-03-28 06:28:10,709 - INFO - 19123: Only average data available, no station-specific prices
2026-03-28 06:28:12,171 - INFO - HTTP Request: GET https://zylalabs.com/api/4808/gas+price+locator+api/5997/get+pices?zip=19124&type=regular "HTTP/1.1 200 OK"
2026-03-28 06:28:14,129 - INFO - HTTP Request: GET https://zylalabs.com/api/4808/gas+price+locator+api/5997/get+pices?zip=19125&type=regular "HTTP/1.1 200 OK"
2026-03-28 06:28:15,726 - INFO - HTTP Request: GET https://zylalabs.com/api/4808/gas+price+locator+api/5997/get+pices?zip=19130&type=regular "HTTP/1.1 200 OK"
2026-03-28 06:28:17,318 - INFO - HTTP Request: GET https://zylalabs.com/api/4808/gas+price+locator+api/5997/get+pices?zip=19131&type=regular "HTTP/1.1 200 OK"
2026-03-28 06:28:19,206 - INFO - HTTP Request: GET https://zylalabs.com/api/4808/gas+price+locator+api/5997/get+pices?zip=19132&type=regular "HTTP/1.1 200 OK"
2026-03-28 06:28:20,900 - INFO - HTTP Request: GET https://zylalabs.com/api/4808/gas+price+locator+api/5997/get+pices?zip=19133&type=regular "HTTP/1.1 200 OK"
2026-03-28 06:28:22,459 - INFO - HTTP Request: GET https://zylalabs.com/api/4808/gas+price+locator+api/5997/get+pices?zip=19134&type=regular "HTTP/1.1 200 OK"
2026-03-28 06:28:24,177 - INFO - HTTP Request: GET https://zylalabs.com/api/4808/gas+price+locator+api/5997/get+pices?zip=19135&type=regular "HTTP/1.1 200 OK"
2026-03-28 06:28:26,056 - INFO - HTTP Request: GET https://zylalabs.com/api/4808/gas+price+locator+api/5997/get+pices?zip=19138&type=regular "HTTP/1.1 200 OK"
2026-03-28 06:28:27,151 - INFO - --- Batch complete. Sleeping 5s before next batch ---
2026-03-28 06:28:32,152 - INFO - --- Processing batch 3/3 ---
2026-03-28 06:28:32,812 - INFO - HTTP Request: GET https://zylalabs.com/api/4808/gas+price+locator+api/5997/get+pices?zip=19139&type=regular "HTTP/1.1 200 OK"
2026-03-28 06:28:34,387 - INFO - HTTP Request: GET https://zylalabs.com/api/4808/gas+price+locator+api/5997/get+pices?zip=19140&type=regular "HTTP/1.1 200 OK"
2026-03-28 06:28:36,008 - INFO - HTTP Request: GET https://zylalabs.com/api/4808/gas+price+locator+api/5997/get+pices?zip=19141&type=regular "HTTP/1.1 200 OK"
2026-03-28 06:28:37,652 - INFO - HTTP Request: GET https://zylalabs.com/api/4808/gas+price+locator+api/5997/get+pices?zip=19144&type=regular "HTTP/1.1 200 OK"
2026-03-28 06:28:39,256 - INFO - HTTP Request: GET https://zylalabs.com/api/4808/gas+price+locator+api/5997/get+pices?zip=19142&type=regular "HTTP/1.1 200 OK"
2026-03-28 06:28:40,905 - INFO - HTTP Request: GET https://zylalabs.com/api/4808/gas+price+locator+api/5997/get+pices?zip=19143&type=regular "HTTP/1.1 200 OK"
2026-03-28 06:28:42,482 - INFO - HTTP Request: GET https://zylalabs.com/api/4808/gas+price+locator+api/5997/get+pices?zip=19153&type=regular "HTTP/1.1 200 OK"
2026-03-28 06:28:44,079 - INFO - HTTP Request: GET https://zylalabs.com/api/4808/gas+price+locator+api/5997/get+pices?zip=19149&type=regular "HTTP/1.1 200 OK"
2026-03-28 06:28:46,183 - INFO - HTTP Request: GET https://zylalabs.com/api/4808/gas+price+locator+api/5997/get+pices?zip=19136&type=regular "HTTP/1.1 200 OK"
2026-03-28 06:28:47,897 - INFO - HTTP Request: GET https://zylalabs.com/api/4808/gas+price+locator+api/5997/get+pices?zip=19126&type=regular "HTTP/1.1 200 OK"
2026-03-28 06:28:49,053 - INFO - === Collection Complete ===
2026-03-28 06:28:49,053 - INFO - Duration: 61.1 seconds
2026-03-28 06:28:49,053 - INFO - ZIPs with data: 28/30
2026-03-28 06:28:49,053 - INFO - Total stations saved: 104
2026-03-28 06:28:49,053 - WARNING - Failed ZIPs: 19107, 19123
2026-03-28 06:28:49,053 - INFO - Next collection scheduled based on cron settings
2026-03-28 06:39:38,061 - INFO - === Starting Comprehensive Gas Price Collection ===
2026-03-28 06:39:38,061 - INFO - Time: 2026-03-28 06:39:38
2026-03-28 06:39:38,061 - INFO - Total ZIPs: 30
2026-03-28 06:39:38,061 - INFO - Batch size: 10
2026-03-28 06:39:38,061 - INFO - Retry attempts: 3
2026-03-28 06:39:38,084 - INFO - --- Processing batch 1/3 ---
2026-03-28 06:39:38,813 - INFO - HTTP Request: GET https://zylalabs.com/api/4808/gas+price+locator+api/5997/get+pices?zip=19103&type=regular "HTTP/1.1 200 OK"
2026-03-28 06:39:40,396 - INFO - HTTP Request: GET https://zylalabs.com/api/4808/gas+price+locator+api/5997/get+pices?zip=19107&type=regular "HTTP/1.1 200 OK"
2026-03-28 06:39:40,418 - INFO - 19107: Only average data available, no station-specific prices
2026-03-28 06:39:42,081 - INFO - HTTP Request: GET https://zylalabs.com/api/4808/gas+price+locator+api/5997/get+pices?zip=19128&type=regular "HTTP/1.1 200 OK"
2026-03-28 06:39:43,985 - INFO - HTTP Request: GET https://zylalabs.com/api/4808/gas+price+locator+api/5997/get+pices?zip=19145&type=regular "HTTP/1.1 200 OK"
2026-03-28 06:39:45,660 - INFO - HTTP Request: GET https://zylalabs.com/api/4808/gas+price+locator+api/5997/get+pices?zip=19146&type=regular "HTTP/1.1 200 OK"
2026-03-28 06:39:47,234 - INFO - HTTP Request: GET https://zylalabs.com/api/4808/gas+price+locator+api/5997/get+pices?zip=19147&type=regular "HTTP/1.1 200 OK"
2026-03-28 06:39:49,068 - INFO - HTTP Request: GET https://zylalabs.com/api/4808/gas+price+locator+api/5997/get+pices?zip=19148&type=regular "HTTP/1.1 200 OK"
2026-03-28 06:39:51,006 - INFO - HTTP Request: GET https://zylalabs.com/api/4808/gas+price+locator+api/5997/get+pices?zip=19120&type=regular "HTTP/1.1 200 OK"
2026-03-28 06:39:53,017 - INFO - HTTP Request: GET https://zylalabs.com/api/4808/gas+price+locator+api/5997/get+pices?zip=19121&type=regular "HTTP/1.1 200 OK"
2026-03-28 06:39:54,767 - INFO - HTTP Request: GET https://zylalabs.com/api/4808/gas+price+locator+api/5997/get+pices?zip=19122&type=regular "HTTP/1.1 200 OK"
2026-03-28 06:39:55,849 - INFO - --- Batch complete. Sleeping 5s before next batch ---
2026-03-28 06:40:00,850 - INFO - --- Processing batch 2/3 ---
2026-03-28 06:40:01,393 - INFO - HTTP Request: GET https://zylalabs.com/api/4808/gas+price+locator+api/5997/get+pices?zip=19123&type=regular "HTTP/1.1 200 OK"
2026-03-28 06:40:01,421 - INFO - 19123: Only average data available, no station-specific prices
2026-03-28 06:40:03,076 - INFO - HTTP Request: GET https://zylalabs.com/api/4808/gas+price+locator+api/5997/get+pices?zip=19124&type=regular "HTTP/1.1 200 OK"
2026-03-28 06:40:05,078 - INFO - HTTP Request: GET https://zylalabs.com/api/4808/gas+price+locator+api/5997/get+pices?zip=19125&type=regular "HTTP/1.1 200 OK"
2026-03-28 06:40:06,683 - INFO - HTTP Request: GET https://zylalabs.com/api/4808/gas+price+locator+api/5997/get+pices?zip=19130&type=regular "HTTP/1.1 200 OK"
2026-03-28 06:40:08,387 - INFO - HTTP Request: GET https://zylalabs.com/api/4808/gas+price+locator+api/5997/get+pices?zip=19131&type=regular "HTTP/1.1 200 OK"
2026-03-28 06:40:10,086 - INFO - HTTP Request: GET https://zylalabs.com/api/4808/gas+price+locator+api/5997/get+pices?zip=19132&type=regular "HTTP/1.1 200 OK"
2026-03-28 06:40:11,805 - INFO - HTTP Request: GET https://zylalabs.com/api/4808/gas+price+locator+api/5997/get+pices?zip=19133&type=regular "HTTP/1.1 200 OK"
2026-03-28 06:40:13,373 - INFO - HTTP Request: GET https://zylalabs.com/api/4808/gas+price+locator+api/5997/get+pices?zip=19134&type=regular "HTTP/1.1 200 OK"
2026-03-28 06:40:15,311 - INFO - HTTP Request: GET https://zylalabs.com/api/4808/gas+price+locator+api/5997/get+pices?zip=19135&type=regular "HTTP/1.1 200 OK"
2026-03-28 06:40:17,072 - INFO - HTTP Request: GET https://zylalabs.com/api/4808/gas+price+locator+api/5997/get+pices?zip=19138&type=regular "HTTP/1.1 200 OK"
2026-03-28 06:40:18,162 - INFO - --- Batch complete. Sleeping 5s before next batch ---
2026-03-28 06:40:23,162 - INFO - --- Processing batch 3/3 ---
2026-03-28 06:40:23,627 - INFO - HTTP Request: GET https://zylalabs.com/api/4808/gas+price+locator+api/5997/get+pices?zip=19139&type=regular "HTTP/1.1 200 OK"
2026-03-28 06:40:25,406 - INFO - HTTP Request: GET https://zylalabs.com/api/4808/gas+price+locator+api/5997/get+pices?zip=19140&type=regular "HTTP/1.1 200 OK"
2026-03-28 06:40:27,209 - INFO - HTTP Request: GET https://zylalabs.com/api/4808/gas+price+locator+api/5997/get+pices?zip=19141&type=regular "HTTP/1.1 200 OK"
2026-03-28 06:40:28,849 - INFO - HTTP Request: GET https://zylalabs.com/api/4808/gas+price+locator+api/5997/get+pices?zip=19144&type=regular "HTTP/1.1 200 OK"
2026-03-28 06:40:30,449 - INFO - HTTP Request: GET https://zylalabs.com/api/4808/gas+price+locator+api/5997/get+pices?zip=19142&type=regular "HTTP/1.1 200 OK"
2026-03-28 06:40:32,060 - INFO - HTTP Request: GET https://zylalabs.com/api/4808/gas+price+locator+api/5997/get+pices?zip=19143&type=regular "HTTP/1.1 200 OK"
2026-03-28 06:40:33,595 - INFO - HTTP Request: GET https://zylalabs.com/api/4808/gas+price+locator+api/5997/get+pices?zip=19153&type=regular "HTTP/1.1 200 OK"
2026-03-28 06:40:35,185 - INFO - HTTP Request: GET https://zylalabs.com/api/4808/gas+price+locator+api/5997/get+pices?zip=19149&type=regular "HTTP/1.1 200 OK"
2026-03-28 06:40:37,133 - INFO - HTTP Request: GET https://zylalabs.com/api/4808/gas+price+locator+api/5997/get+pices?zip=19136&type=regular "HTTP/1.1 200 OK"
2026-03-28 06:40:38,901 - INFO - HTTP Request: GET https://zylalabs.com/api/4808/gas+price+locator+api/5997/get+pices?zip=19126&type=regular "HTTP/1.1 200 OK"
2026-03-28 06:40:40,045 - INFO - === Collection Complete ===
2026-03-28 06:40:40,045 - INFO - Duration: 62.0 seconds
2026-03-28 06:40:40,045 - INFO - ZIPs with data: 28/30
2026-03-28 06:40:40,045 - INFO - Total stations saved: 104
2026-03-28 06:40:40,045 - WARNING - Failed ZIPs: 19107, 19123
2026-03-28 06:40:40,045 - INFO - Next collection scheduled based on cron settings
2026-03-28 07:00:01,445 - INFO - === Starting Comprehensive Gas Price Collection ===
2026-03-28 07:00:01,445 - INFO - Time: 2026-03-28 07:00:01
2026-03-28 07:00:01,445 - INFO - Total ZIPs: 30
2026-03-28 07:00:01,445 - INFO - Batch size: 10
2026-03-28 07:00:01,445 - INFO - Retry attempts: 3
2026-03-28 07:00:01,471 - INFO - --- Processing batch 1/3 ---
2026-03-28 07:00:02,487 - INFO - HTTP Request: GET https://zylalabs.com/api/4808/gas+price+locator+api/5997/get+pices?zip=19103&type=regular "HTTP/1.1 200 OK"
2026-03-28 07:00:04,731 - INFO - HTTP Request: GET https://zylalabs.com/api/4808/gas+price+locator+api/5997/get+pices?zip=19107&type=regular "HTTP/1.1 200 OK"
2026-03-28 07:00:04,773 - INFO - 19107: Only average data available, no station-specific prices
2026-03-28 07:00:06,561 - INFO - HTTP Request: GET https://zylalabs.com/api/4808/gas+price+locator+api/5997/get+pices?zip=19128&type=regular "HTTP/1.1 200 OK"
2026-03-28 07:00:08,568 - INFO - HTTP Request: GET https://zylalabs.com/api/4808/gas+price+locator+api/5997/get+pices?zip=19145&type=regular "HTTP/1.1 200 OK"
2026-03-28 07:00:10,631 - INFO - HTTP Request: GET https://zylalabs.com/api/4808/gas+price+locator+api/5997/get+pices?zip=19146&type=regular "HTTP/1.1 200 OK"
2026-03-28 07:00:12,230 - INFO - HTTP Request: GET https://zylalabs.com/api/4808/gas+price+locator+api/5997/get+pices?zip=19147&type=regular "HTTP/1.1 200 OK"
2026-03-28 07:00:13,878 - INFO - HTTP Request: GET https://zylalabs.com/api/4808/gas+price+locator+api/5997/get+pices?zip=19148&type=regular "HTTP/1.1 200 OK"
2026-03-28 07:00:15,773 - INFO - HTTP Request: GET https://zylalabs.com/api/4808/gas+price+locator+api/5997/get+pices?zip=19120&type=regular "HTTP/1.1 200 OK"
2026-03-28 07:00:17,537 - INFO - HTTP Request: GET https://zylalabs.com/api/4808/gas+price+locator+api/5997/get+pices?zip=19121&type=regular "HTTP/1.1 200 OK"
2026-03-28 07:00:19,121 - INFO - HTTP Request: GET https://zylalabs.com/api/4808/gas+price+locator+api/5997/get+pices?zip=19122&type=regular "HTTP/1.1 200 OK"
2026-03-28 07:00:20,182 - INFO - --- Batch complete. Sleeping 5s before next batch ---
2026-03-28 07:00:25,182 - INFO - --- Processing batch 2/3 ---
2026-03-28 07:00:25,697 - INFO - HTTP Request: GET https://zylalabs.com/api/4808/gas+price+locator+api/5997/get+pices?zip=19123&type=regular "HTTP/1.1 200 OK"
2026-03-28 07:00:25,729 - INFO - 19123: Only average data available, no station-specific prices
2026-03-28 07:00:27,191 - INFO - HTTP Request: GET https://zylalabs.com/api/4808/gas+price+locator+api/5997/get+pices?zip=19124&type=regular "HTTP/1.1 200 OK"
2026-03-28 07:00:28,954 - INFO - HTTP Request: GET https://zylalabs.com/api/4808/gas+price+locator+api/5997/get+pices?zip=19125&type=regular "HTTP/1.1 200 OK"
2026-03-28 07:00:30,550 - INFO - HTTP Request: GET https://zylalabs.com/api/4808/gas+price+locator+api/5997/get+pices?zip=19130&type=regular "HTTP/1.1 200 OK"
2026-03-28 07:00:32,158 - INFO - HTTP Request: GET https://zylalabs.com/api/4808/gas+price+locator+api/5997/get+pices?zip=19131&type=regular "HTTP/1.1 200 OK"
2026-03-28 07:00:33,859 - INFO - HTTP Request: GET https://zylalabs.com/api/4808/gas+price+locator+api/5997/get+pices?zip=19132&type=regular "HTTP/1.1 200 OK"
2026-03-28 07:00:35,527 - INFO - HTTP Request: GET https://zylalabs.com/api/4808/gas+price+locator+api/5997/get+pices?zip=19133&type=regular "HTTP/1.1 200 OK"
2026-03-28 07:00:37,230 - INFO - HTTP Request: GET https://zylalabs.com/api/4808/gas+price+locator+api/5997/get+pices?zip=19134&type=regular "HTTP/1.1 200 OK"
2026-03-28 07:00:39,141 - INFO - HTTP Request: GET https://zylalabs.com/api/4808/gas+price+locator+api/5997/get+pices?zip=19135&type=regular "HTTP/1.1 200 OK"
2026-03-28 07:00:40,792 - INFO - HTTP Request: GET https://zylalabs.com/api/4808/gas+price+locator+api/5997/get+pices?zip=19138&type=regular "HTTP/1.1 200 OK"
2026-03-28 07:00:41,912 - INFO - --- Batch complete. Sleeping 5s before next batch ---
2026-03-28 07:00:46,912 - INFO - --- Processing batch 3/3 ---
2026-03-28 07:00:47,568 - INFO - HTTP Request: GET https://zylalabs.com/api/4808/gas+price+locator+api/5997/get+pices?zip=19139&type=regular "HTTP/1.1 200 OK"
2026-03-28 07:00:49,322 - INFO - HTTP Request: GET https://zylalabs.com/api/4808/gas+price+locator+api/5997/get+pices?zip=19140&type=regular "HTTP/1.1 200 OK"
2026-03-28 07:00:51,086 - INFO - HTTP Request: GET https://zylalabs.com/api/4808/gas+price+locator+api/5997/get+pices?zip=19141&type=regular "HTTP/1.1 200 OK"
2026-03-28 07:00:52,766 - INFO - HTTP Request: GET https://zylalabs.com/api/4808/gas+price+locator+api/5997/get+pices?zip=19144&type=regular "HTTP/1.1 200 OK"
2026-03-28 07:00:54,368 - INFO - HTTP Request: GET https://zylalabs.com/api/4808/gas+price+locator+api/5997/get+pices?zip=19142&type=regular "HTTP/1.1 200 OK"
2026-03-28 07:00:55,960 - INFO - HTTP Request: GET https://zylalabs.com/api/4808/gas+price+locator+api/5997/get+pices?zip=19143&type=regular "HTTP/1.1 200 OK"
2026-03-28 07:00:57,674 - INFO - HTTP Request: GET https://zylalabs.com/api/4808/gas+price+locator+api/5997/get+pices?zip=19153&type=regular "HTTP/1.1 200 OK"
2026-03-28 07:00:59,289 - INFO - HTTP Request: GET https://zylalabs.com/api/4808/gas+price+locator+api/5997/get+pices?zip=19149&type=regular "HTTP/1.1 200 OK"
2026-03-28 07:01:01,184 - INFO - HTTP Request: GET https://zylalabs.com/api/4808/gas+price+locator+api/5997/get+pices?zip=19136&type=regular "HTTP/1.1 200 OK"
2026-03-28 07:01:03,080 - INFO - HTTP Request: GET https://zylalabs.com/api/4808/gas+price+locator+api/5997/get+pices?zip=19126&type=regular "HTTP/1.1 200 OK"
2026-03-28 07:01:04,220 - INFO - === Collection Complete ===
2026-03-28 07:01:04,220 - INFO - Duration: 62.8 seconds
2026-03-28 07:01:04,220 - INFO - ZIPs with data: 28/30
2026-03-28 07:01:04,220 - INFO - Total stations saved: 104
2026-03-28 07:01:04,220 - WARNING - Failed ZIPs: 19107, 19123
2026-03-28 07:01:04,220 - INFO - Next collection scheduled based on cron settings
2026-03-28 07:11:33,523 - INFO - === Starting Comprehensive Gas Price Collection ===
2026-03-28 07:11:33,523 - INFO - Time: 2026-03-28 07:11:33
2026-03-28 07:11:33,523 - INFO - Total ZIPs: 30
2026-03-28 07:11:33,523 - INFO - Batch size: 10
2026-03-28 07:11:33,523 - INFO - Retry attempts: 3
2026-03-28 07:11:33,546 - INFO - --- Processing batch 1/3 ---
2026-03-28 07:11:34,306 - INFO - HTTP Request: GET https://zylalabs.com/api/4808/gas+price+locator+api/5997/get+pices?zip=19103&type=regular "HTTP/1.1 200 OK"
2026-03-28 07:11:36,040 - INFO - HTTP Request: GET https://zylalabs.com/api/4808/gas+price+locator+api/5997/get+pices?zip=19107&type=regular "HTTP/1.1 200 OK"
2026-03-28 07:11:36,064 - INFO - 19107: Only average data available, no station-specific prices
2026-03-28 07:11:37,710 - INFO - HTTP Request: GET https://zylalabs.com/api/4808/gas+price+locator+api/5997/get+pices?zip=19128&type=regular "HTTP/1.1 200 OK"
2026-03-28 07:11:39,439 - INFO - HTTP Request: GET https://zylalabs.com/api/4808/gas+price+locator+api/5997/get+pices?zip=19145&type=regular "HTTP/1.1 200 OK"
2026-03-28 07:11:41,286 - INFO - HTTP Request: GET https://zylalabs.com/api/4808/gas+price+locator+api/5997/get+pices?zip=19146&type=regular "HTTP/1.1 200 OK"
2026-03-28 07:11:43,037 - INFO - HTTP Request: GET https://zylalabs.com/api/4808/gas+price+locator+api/5997/get+pices?zip=19147&type=regular "HTTP/1.1 200 OK"
2026-03-28 07:11:44,799 - INFO - HTTP Request: GET https://zylalabs.com/api/4808/gas+price+locator+api/5997/get+pices?zip=19148&type=regular "HTTP/1.1 200 OK"
2026-03-28 07:11:46,500 - INFO - HTTP Request: GET https://zylalabs.com/api/4808/gas+price+locator+api/5997/get+pices?zip=19120&type=regular "HTTP/1.1 200 OK"
2026-03-28 07:11:48,480 - INFO - HTTP Request: GET https://zylalabs.com/api/4808/gas+price+locator+api/5997/get+pices?zip=19121&type=regular "HTTP/1.1 200 OK"
2026-03-28 07:11:50,037 - INFO - HTTP Request: GET https://zylalabs.com/api/4808/gas+price+locator+api/5997/get+pices?zip=19122&type=regular "HTTP/1.1 200 OK"
2026-03-28 07:11:51,095 - INFO - --- Batch complete. Sleeping 5s before next batch ---
2026-03-28 07:11:56,095 - INFO - --- Processing batch 2/3 ---
2026-03-28 07:11:56,552 - INFO - HTTP Request: GET https://zylalabs.com/api/4808/gas+price+locator+api/5997/get+pices?zip=19123&type=regular "HTTP/1.1 200 OK"
2026-03-28 07:11:56,587 - INFO - 19123: Only average data available, no station-specific prices
2026-03-28 07:11:58,039 - INFO - HTTP Request: GET https://zylalabs.com/api/4808/gas+price+locator+api/5997/get+pices?zip=19124&type=regular "HTTP/1.1 200 OK"
2026-03-28 07:12:00,029 - INFO - HTTP Request: GET https://zylalabs.com/api/4808/gas+price+locator+api/5997/get+pices?zip=19125&type=regular "HTTP/1.1 200 OK"
2026-03-28 07:12:01,620 - INFO - HTTP Request: GET https://zylalabs.com/api/4808/gas+price+locator+api/5997/get+pices?zip=19130&type=regular "HTTP/1.1 200 OK"
2026-03-28 07:12:03,827 - INFO - HTTP Request: GET https://zylalabs.com/api/4808/gas+price+locator+api/5997/get+pices?zip=19131&type=regular "HTTP/1.1 200 OK"
2026-03-28 07:12:05,507 - INFO - HTTP Request: GET https://zylalabs.com/api/4808/gas+price+locator+api/5997/get+pices?zip=19132&type=regular "HTTP/1.1 200 OK"
2026-03-28 07:12:07,164 - INFO - HTTP Request: GET https://zylalabs.com/api/4808/gas+price+locator+api/5997/get+pices?zip=19133&type=regular "HTTP/1.1 200 OK"
2026-03-28 07:12:08,728 - INFO - HTTP Request: GET https://zylalabs.com/api/4808/gas+price+locator+api/5997/get+pices?zip=19134&type=regular "HTTP/1.1 200 OK"
2026-03-28 07:12:10,483 - INFO - HTTP Request: GET https://zylalabs.com/api/4808/gas+price+locator+api/5997/get+pices?zip=19135&type=regular "HTTP/1.1 200 OK"
2026-03-28 07:12:12,076 - INFO - HTTP Request: GET https://zylalabs.com/api/4808/gas+price+locator+api/5997/get+pices?zip=19138&type=regular "HTTP/1.1 200 OK"
2026-03-28 07:12:13,179 - INFO - --- Batch complete. Sleeping 5s before next batch ---
2026-03-28 07:12:18,179 - INFO - --- Processing batch 3/3 ---
2026-03-28 07:12:18,643 - INFO - HTTP Request: GET https://zylalabs.com/api/4808/gas+price+locator+api/5997/get+pices?zip=19139&type=regular "HTTP/1.1 200 OK"
2026-03-28 07:12:20,198 - INFO - HTTP Request: GET https://zylalabs.com/api/4808/gas+price+locator+api/5997/get+pices?zip=19140&type=regular "HTTP/1.1 200 OK"
2026-03-28 07:12:21,790 - INFO - HTTP Request: GET https://zylalabs.com/api/4808/gas+price+locator+api/5997/get+pices?zip=19141&type=regular "HTTP/1.1 200 OK"
2026-03-28 07:12:23,419 - INFO - HTTP Request: GET https://zylalabs.com/api/4808/gas+price+locator+api/5997/get+pices?zip=19144&type=regular "HTTP/1.1 200 OK"
2026-03-28 07:12:25,008 - INFO - HTTP Request: GET https://zylalabs.com/api/4808/gas+price+locator+api/5997/get+pices?zip=19142&type=regular "HTTP/1.1 200 OK"
2026-03-28 07:12:26,624 - INFO - HTTP Request: GET https://zylalabs.com/api/4808/gas+price+locator+api/5997/get+pices?zip=19143&type=regular "HTTP/1.1 200 OK"
2026-03-28 07:12:28,136 - INFO - HTTP Request: GET https://zylalabs.com/api/4808/gas+price+locator+api/5997/get+pices?zip=19153&type=regular "HTTP/1.1 200 OK"
2026-03-28 07:12:29,753 - INFO - HTTP Request: GET https://zylalabs.com/api/4808/gas+price+locator+api/5997/get+pices?zip=19149&type=regular "HTTP/1.1 200 OK"
2026-03-28 07:12:31,618 - INFO - HTTP Request: GET https://zylalabs.com/api/4808/gas+price+locator+api/5997/get+pices?zip=19136&type=regular "HTTP/1.1 200 OK"
2026-03-28 07:12:33,334 - INFO - HTTP Request: GET https://zylalabs.com/api/4808/gas+price+locator+api/5997/get+pices?zip=19126&type=regular "HTTP/1.1 200 OK"
2026-03-28 07:12:34,467 - INFO - === Collection Complete ===
2026-03-28 07:12:34,467 - INFO - Duration: 60.9 seconds
2026-03-28 07:12:34,467 - INFO - ZIPs with data: 28/30
2026-03-28 07:12:34,467 - INFO - Total stations saved: 104
2026-03-28 07:12:34,467 - WARNING - Failed ZIPs: 19107, 19123
2026-03-28 07:12:34,467 - INFO - Next collection scheduled based on cron settings
Fetched 101 stations from TimescaleDB
Synced 101 stations to PostGIS
2026-03-28 08:05:55,053 - INFO - === Starting Comprehensive Gas Price Collection ===
2026-03-28 08:05:55,053 - INFO - Time: 2026-03-28 08:05:55
2026-03-28 08:05:55,053 - INFO - Total ZIPs: 30
2026-03-28 08:05:55,053 - INFO - Batch size: 10
2026-03-28 08:05:55,053 - INFO - Retry attempts: 3
2026-03-28 08:05:55,078 - INFO - --- Processing batch 1/3 ---
2026-03-28 08:06:00,477 - INFO - HTTP Request: GET https://zylalabs.com/api/4808/gas+price+locator+api/5997/get+pices?zip=19103&type=regular "HTTP/1.1 200 OK"
2026-03-28 08:06:11,002 - INFO - HTTP Request: GET https://zylalabs.com/api/4808/gas+price+locator+api/5997/get+pices?zip=19107&type=regular "HTTP/1.1 200 OK"
2026-03-28 08:06:11,031 - INFO - 19107: Only average data available, no station-specific prices
2026-03-28 08:06:20,884 - INFO - HTTP Request: GET https://zylalabs.com/api/4808/gas+price+locator+api/5997/get+pices?zip=19128&type=regular "HTTP/1.1 200 OK"
2026-03-28 08:06:24,457 - INFO - HTTP Request: GET https://zylalabs.com/api/4808/gas+price+locator+api/5997/get+pices?zip=19145&type=regular "HTTP/1.1 200 OK"
2026-03-28 08:06:29,027 - INFO - HTTP Request: GET https://zylalabs.com/api/4808/gas+price+locator+api/5997/get+pices?zip=19146&type=regular "HTTP/1.1 200 OK"
2026-03-28 08:06:31,713 - INFO - HTTP Request: GET https://zylalabs.com/api/4808/gas+price+locator+api/5997/get+pices?zip=19147&type=regular "HTTP/1.1 200 OK"
2026-03-28 08:06:35,250 - INFO - HTTP Request: GET https://zylalabs.com/api/4808/gas+price+locator+api/5997/get+pices?zip=19148&type=regular "HTTP/1.1 200 OK"
2026-03-28 08:06:40,148 - INFO - HTTP Request: GET https://zylalabs.com/api/4808/gas+price+locator+api/5997/get+pices?zip=19120&type=regular "HTTP/1.1 200 OK"
2026-03-28 08:06:42,768 - INFO - HTTP Request: GET https://zylalabs.com/api/4808/gas+price+locator+api/5997/get+pices?zip=19121&type=regular "HTTP/1.1 200 OK"
2026-03-28 08:06:47,391 - INFO - HTTP Request: GET https://zylalabs.com/api/4808/gas+price+locator+api/5997/get+pices?zip=19122&type=regular "HTTP/1.1 200 OK"
2026-03-28 08:06:48,465 - INFO - --- Batch complete. Sleeping 5s before next batch ---
2026-03-28 08:06:53,465 - INFO - --- Processing batch 2/3 ---
2026-03-28 08:06:55,709 - INFO - HTTP Request: GET https://zylalabs.com/api/4808/gas+price+locator+api/5997/get+pices?zip=19123&type=regular "HTTP/1.1 200 OK"
2026-03-28 08:06:55,748 - INFO - 19123: Only average data available, no station-specific prices
2026-03-28 08:06:59,844 - INFO - HTTP Request: GET https://zylalabs.com/api/4808/gas+price+locator+api/5997/get+pices?zip=19124&type=regular "HTTP/1.1 200 OK"
2026-03-28 08:07:05,061 - INFO - HTTP Request: GET https://zylalabs.com/api/4808/gas+price+locator+api/5997/get+pices?zip=19125&type=regular "HTTP/1.1 200 OK"
2026-03-28 08:07:10,087 - INFO - HTTP Request: GET https://zylalabs.com/api/4808/gas+price+locator+api/5997/get+pices?zip=19130&type=regular "HTTP/1.1 200 OK"
2026-03-28 08:07:13,067 - INFO - HTTP Request: GET https://zylalabs.com/api/4808/gas+price+locator+api/5997/get+pices?zip=19131&type=regular "HTTP/1.1 200 OK"
2026-03-28 08:07:16,344 - INFO - HTTP Request: GET https://zylalabs.com/api/4808/gas+price+locator+api/5997/get+pices?zip=19132&type=regular "HTTP/1.1 200 OK"
2026-03-28 08:07:19,653 - INFO - HTTP Request: GET https://zylalabs.com/api/4808/gas+price+locator+api/5997/get+pices?zip=19133&type=regular "HTTP/1.1 200 OK"
2026-03-28 08:07:22,697 - INFO - HTTP Request: GET https://zylalabs.com/api/4808/gas+price+locator+api/5997/get+pices?zip=19134&type=regular "HTTP/1.1 200 OK"
2026-03-28 08:07:28,275 - INFO - HTTP Request: GET https://zylalabs.com/api/4808/gas+price+locator+api/5997/get+pices?zip=19135&type=regular "HTTP/1.1 200 OK"
2026-03-28 08:07:31,100 - INFO - HTTP Request: GET https://zylalabs.com/api/4808/gas+price+locator+api/5997/get+pices?zip=19138&type=regular "HTTP/1.1 200 OK"
2026-03-28 08:07:32,214 - INFO - --- Batch complete. Sleeping 5s before next batch ---
2026-03-28 08:07:37,214 - INFO - --- Processing batch 3/3 ---
2026-03-28 08:07:46,624 - INFO - HTTP Request: GET https://zylalabs.com/api/4808/gas+price+locator+api/5997/get+pices?zip=19139&type=regular "HTTP/1.1 200 OK"
2026-03-28 08:07:49,389 - INFO - HTTP Request: GET https://zylalabs.com/api/4808/gas+price+locator+api/5997/get+pices?zip=19140&type=regular "HTTP/1.1 200 OK"
2026-03-28 08:07:56,655 - INFO - HTTP Request: GET https://zylalabs.com/api/4808/gas+price+locator+api/5997/get+pices?zip=19141&type=regular "HTTP/1.1 200 OK"
2026-03-28 08:08:07,413 - INFO - HTTP Request: GET https://zylalabs.com/api/4808/gas+price+locator+api/5997/get+pices?zip=19144&type=regular "HTTP/1.1 200 OK"
2026-03-28 08:08:18,381 - INFO - HTTP Request: GET https://zylalabs.com/api/4808/gas+price+locator+api/5997/get+pices?zip=19142&type=regular "HTTP/1.1 200 OK"
2026-03-28 08:08:22,780 - INFO - HTTP Request: GET https://zylalabs.com/api/4808/gas+price+locator+api/5997/get+pices?zip=19143&type=regular "HTTP/1.1 200 OK"
2026-03-28 08:08:27,041 - INFO - HTTP Request: GET https://zylalabs.com/api/4808/gas+price+locator+api/5997/get+pices?zip=19153&type=regular "HTTP/1.1 200 OK"
2026-03-28 08:08:31,163 - INFO - HTTP Request: GET https://zylalabs.com/api/4808/gas+price+locator+api/5997/get+pices?zip=19149&type=regular "HTTP/1.1 200 OK"
2026-03-28 08:08:34,526 - INFO - HTTP Request: GET https://zylalabs.com/api/4808/gas+price+locator+api/5997/get+pices?zip=19136&type=regular "HTTP/1.1 200 OK"
2026-03-28 08:08:39,750 - INFO - HTTP Request: GET https://zylalabs.com/api/4808/gas+price+locator+api/5997/get+pices?zip=19126&type=regular "HTTP/1.1 200 OK"
2026-03-28 08:08:40,911 - INFO - === Collection Complete ===
2026-03-28 08:08:40,911 - INFO - Duration: 165.9 seconds
2026-03-28 08:08:40,911 - INFO - ZIPs with data: 28/30
2026-03-28 08:08:40,911 - INFO - Total stations saved: 104
2026-03-28 08:08:40,911 - WARNING - Failed ZIPs: 19107, 19123
2026-03-28 08:08:40,911 - INFO - Next collection scheduled based on cron settings
Fetched 101 stations from TimescaleDB
Synced 101 stations to PostGIS
